02/02/22 01:44:51 PM :
    - UserID: 783855260300869632
    - Message: "heyo"
    - Exp: false
    - Session UUID: fd406e05-1e99-4cb9-867e-d601759a7e71
02/02/22 08:56:56 PM :
        - UserID: 783855260300869632
        - Message: "Im god"
        - Exp: false
        - Session UUID: 09447903-8b0b-4533-89f6-5217d6f5afc3
02/02/22 08:57:22 PM :
        - UserID: 783855260300869632
        - Message: "are you sure about that"
        - Exp: false
        - Session UUID: 09447903-8b0b-4533-89f6-5217d6f5afc3
02/02/22 09:32:08 PM :
        - UserID: 783855260300869632
        - Message: "I work"
        - Exp: false
        - Session UUID: 09447903-8b0b-4533-89f6-5217d6f5afc3
02/03/22 07:52:45 PM :
        - UserID: 783855260300869632
        - Message: "hello"
        - Exp: false
        - Session UUID: 1f9470b6-6a1c-40d1-95fd-a04c3d4fab01
