Session Info:
        - Session Date 01/28/22
        - Session Start Time: 06:05:52 PM
        - Session UUID: 11725a37-47fb-4bf2-9050-a04d63999b5c
Session Info:
        - Session Date 01/28/22
        - Session Start Time: 06:08:05 PM
        - Session UUID: 21c37692-a0f2-4fae-aa44-c8f7991982d0
Session Info:
        - Session Date 01/28/22
        - Session Start Time: 06:11:21 PM
        - Session UUID: 14ebe2b9-cabe-4a52-ba55-341234ab8359
Session Info:
        - Session Date 01/28/22
        - Session Start Time: 06:22:46 PM
        - Session UUID: ec83da3b-7279-4c51-8e85-ee3d044a7e36
Session Info:
        - Session Date 01/28/22
        - Session Start Time: 06:25:43 PM
        -- Session UUID: 9c3bff71-2569-4a1e-abc4-777d8d6afc98
Session Info:
        - Session Date 01/28/22
        - Session Start Time: 06:33:36 PM
        - Session UUID: 8560a2d5-7911-44ef-962e-b59265f1e1e2
Session Info:
        - Session Date 01/28/22
        - Session Start Time: 06:33:55 PM
        - Session UUID: 55e59efd-3f20-41b6-a474-9ab86162986e
Session Info:
        - Session Date 01/29/22
        - Session Start Time: 09:15:03 AM
        - Session UUID: d23c037c-24be-486a-8d8a-e02ca0c0f897
Session Info:
        - Session Date 01/29/22
        - Session Start Time: 09:35:00 AM
        - Session UUID: e3183413-b882-4174-b550-dd9f9dec130c
Session Info:
        - Session Date 01/29/22
        - Session Start Time: 05:19:15 PM
        - Session UUID: 0b73d90c-688e-43cf-9323-866936ccdb12
Session Info:
        - Session Date 02/01/22
        - Session Start Time: 06:50:24 PM
        - Session UUID: c604a71a-507d-48b8-b2ac-4b74f5548cdf
Session Info:
        - Session Date 02/01/22
        - Session Start Time: 06:51:37 PM
        - Session UUID: ed85d87d-6448-48d8-943d-8c8902b7fe8f
Session Info:
        - Session Date 02/01/22
        - Session Start Time: 08:07:55 PM
        - Session UUID: ecec05d6-b5d6-4cce-9a6f-c86e4630a7af
Session Info:
        - Session Date 02/01/22
        - Session Start Time: 11:11:00 PM
        - Session UUID: 98263816-f26a-4b4d-b046-22732f1c8cee
Session Info:
        - Session Date 02/01/22
        - Session Start Time: 11:39:09 PM
        - Session UUID: 55bc0bf7-d407-42f9-bcbb-85bea7bfccd3
Session Info:
        - Session Date 02/01/22
        - Session Start Time: 11:40:06 PM
        - Session UUID: ca169692-c1b8-4e5f-be3e-e356cef5eccd
Session Info:
        - Session Date 02/02/22
        - Session Start Time: 09:04:03 AM
        - Session UUID: 83cfd4de-b52d-4f9d-a7bb-80951a7d2330
Session Info:
        - Session Date 02/02/22
        - Session Start Time: 09:08:08 AM
        - Session UUID: 0c841ff6-e64d-4b0c-8b32-08994fe5cacb
Session Info:
        - Session Date 02/02/22
        - Session Start Time: 11:17:34 AM
        - Session UUID: 4f7d12c1-3c6d-423e-8e63-e9253a3d71a3
Session Info:
        - Session Date 02/02/22
        - Session Start Time: 11:18:01 AM
        - Session UUID: fd82839a-3bb0-4ffb-83bd-6ab525646a65
Session Info:
        - Session Date 02/02/22
        - Session Start Time: 11:21:43 AM
        - Session UUID: 8cd5a45a-969f-4494-9cf7-1a75b14b38f8
Session Info:
        - Session Date 02/02/22
        - Session Start Time: 11:22:00 AM
        - Session UUID: 96c14dcd-a874-4ba5-9458-653e43a7505b
Session Info:
        - Session Date 02/02/22
        - Session Start Time: 11:22:33 AM
        - Session UUID: 6ee3d431-72d4-4bbc-9281-a9c1ff2d886f
Session Info:
        - Session Date 02/02/22
        - Session Start Time: 11:24:23 AM
        - Session UUID: e0a97038-ace2-4823-aed7-e5ba5d35e1be
Session Info:
        - Session Date 02/02/22
        - Session Start Time: 01:44:03 PM
        - Session UUID: fd406e05-1e99-4cb9-867e-d601759a7e71
Session Info:
        - Session Date 02/02/22
        - Session Start Time: 01:53:22 PM
        - Session UUID: 8d7ab16c-7663-487e-bb15-bcd64e320e7e
Session Info :
        - Session Date 02/02/22
        - Session Start Time: 02:22:03 PM
        - Session UUID: cba2376b-cc72-4a04-b963-1dac0786c8fc
Session Info :
        - Session Date 02/02/22
        - Session Start Time: 02:44:59 PM
        - Session UUID: 4148ff4b-f5cb-4d7a-b189-1cebc14e2859
Session Info :
        - Session Date 02/02/22
        - Session Start Time: 03:39:11 PM
        - Session UUID: eb7d1a88-2cf5-40c7-b38f-dc859bc8aca4
Session Info :
        - Session Date 02/02/22
        - Session Start Time: 03:49:06 PM
        - Session UUID: a1cc87af-806e-4b61-9b29-71bcd9c4edd0
Session Info :
        - Session Date 02/02/22
        - Session Start Time: 08:56:27 PM
        - Session UUID: 09447903-8b0b-4533-89f6-5217d6f5afc3
Session Info :
        - Session Date 02/03/22
        - Session Start Time: 07:52:27 PM
        - Session UUID: 1f9470b6-6a1c-40d1-95fd-a04c3d4fab01
Session Info :
        - Session Date 02/03/22
        - Session Start Time: 07:59:28 PM
        - Session UUID: 0829e180-7713-4b13-a499-1f7a17158201
Session Info :
        - Session Date 02/03/22
        - Session Start Time: 08:57:27 PM
        - Session UUID: 17a675f0-3fa6-42df-a4b5-2d3d05792401
Session Info :
        - Session Date 02/04/22
        - Session Start Time: 10:48:15 AM
        - Session UUID: 4819d2b5-80bf-4fe1-a9cd-95b35108b176
Session Info :
        - Session Date 03/18/22
        - Session Start Time: 07:42:16 PM
        - Session UUID: cbdc63b2-6c9e-4690-8a37-1c6e21fe27e9
Session Info :
        - Session Date 03/19/22
        - Session Start Time: 09:13:09 AM
        - Session UUID: 2001f174-2a28-479c-81bf-9e70310a29b7
Session Info :
        - Session Date 03/19/22
        - Session Start Time: 09:21:30 AM
        - Session UUID: c997f2f3-a1ab-427b-9aee-7e04f9b94c71
Session Info :
        - Session Date 03/19/22
        - Session Start Time: 09:21:58 AM
        - Session UUID: 10d7c9b6-a3e5-4c47-981e-a267e0619c12
Session Info :
        - Session Date 03/19/22
        - Session Start Time: 10:51:14 AM
        - Session UUID: 9917d753-68ea-460e-b8e5-622a866c7536
Session Info :
        - Session Date 03/19/22
        - Session Start Time: 11:06:20 AM
        - Session UUID: 4148b211-6801-4877-9902-6d49414aef9a
Session Info :
        - Session Date 03/19/22
        - Session Start Time: 11:14:44 AM
        - Session UUID: ef94efbf-5fe5-47f4-95b1-86afe098003b
